<?xml version="1.0" encoding="UTF-8"?>
<!-- Generated by org.testng.reporters.JUnitReportReporter -->
<testsuite skipped="0" hostname="DESKTOP-MN3U1UN" name="com.vtiger.testscripts.DeleteLeads" tests="1" failures="0" timestamp="26 Aug 2020 02:09:54 GMT" time="50.801" errors="0">
  <testcase name="testDeleteContact" time="50.801" classname="com.vtiger.testscripts.DeleteLeads"/>
</testsuite> <!-- com.vtiger.testscripts.DeleteLeads -->
