<?xml version="1.0" encoding="UTF-8"?>
<!-- Generated by org.testng.reporters.JUnitReportReporter -->
<testsuite skipped="0" hostname="DESKTOP-MN3U1UN" name="com.vtiger.testscripts.EditOpportunities" tests="1" failures="0" timestamp="26 Aug 2020 12:58:54 GMT" time="66.911" errors="0">
  <testcase name="testEditOpportunities" time="66.911" classname="com.vtiger.testscripts.EditOpportunities"/>
</testsuite> <!-- com.vtiger.testscripts.EditOpportunities -->
