<?xml version="1.0" encoding="UTF-8"?>
<!-- Generated by org.testng.reporters.JUnitReportReporter -->
<testsuite skipped="0" hostname="DESKTOP-MN3U1UN" name="com.vtiger.testscripts.CreateContact" tests="1" failures="0" timestamp="25 Aug 2020 13:25:44 GMT" time="85.441" errors="0">
  <testcase name="testCreateContact" time="85.441" classname="com.vtiger.testscripts.CreateContact"/>
</testsuite> <!-- com.vtiger.testscripts.CreateContact -->
