<?xml version="1.0" encoding="UTF-8"?>
<!-- Generated by org.testng.reporters.JUnitReportReporter -->
<testsuite skipped="0" hostname="DESKTOP-MN3U1UN" name="com.vtiger.testscripts.DeleteContact" tests="1" failures="0" timestamp="24 Aug 2020 14:48:32 GMT" time="56.200" errors="0">
  <testcase name="testEditContact" time="56.200" classname="com.vtiger.testscripts.DeleteContact"/>
</testsuite> <!-- com.vtiger.testscripts.DeleteContact -->
