<?xml version="1.0" encoding="UTF-8"?>
<!-- Generated by org.testng.reporters.JUnitReportReporter -->
<testsuite skipped="0" hostname="DESKTOP-MN3U1UN" name="com.vtiger.testscripts.CreateInvoice" tests="1" failures="0" timestamp="26 Aug 2020 16:28:36 GMT" time="78.284" errors="0">
  <testcase name="testCreateInvoiceOpportunities" time="78.284" classname="com.vtiger.testscripts.CreateInvoice"/>
</testsuite> <!-- com.vtiger.testscripts.CreateInvoice -->
