<?xml version="1.0" encoding="UTF-8"?>
<!-- Generated by org.testng.reporters.JUnitReportReporter -->
<testsuite skipped="0" hostname="DESKTOP-MN3U1UN" name="com.vtiger.testscripts.CreateServices" tests="1" failures="0" timestamp="27 Aug 2020 01:50:58 GMT" time="48.093" errors="0">
  <testcase name="testCreateServices" time="48.093" classname="com.vtiger.testscripts.CreateServices"/>
</testsuite> <!-- com.vtiger.testscripts.CreateServices -->
