<?xml version="1.0" encoding="UTF-8"?>
<!-- Generated by org.testng.reporters.JUnitReportReporter -->
<testsuite skipped="0" hostname="DESKTOP-MN3U1UN" name="com.vtiger.testscripts.ExportServices" tests="1" failures="0" timestamp="27 Aug 2020 03:01:07 GMT" time="37.405" errors="0">
  <testcase name="testCreateServices" time="37.405" classname="com.vtiger.testscripts.ExportServices"/>
</testsuite> <!-- com.vtiger.testscripts.ExportServices -->
