<?xml version="1.0" encoding="UTF-8"?>
<!-- Generated by org.testng.reporters.JUnitReportReporter -->
<testsuite skipped="0" hostname="DESKTOP-MN3U1UN" name="com.vtiger.testscripts.SearchOpportunities" tests="1" failures="0" timestamp="26 Aug 2020 14:17:10 GMT" time="74.657" errors="0">
  <testcase name="testSearchOpportunities" time="74.657" classname="com.vtiger.testscripts.SearchOpportunities"/>
</testsuite> <!-- com.vtiger.testscripts.SearchOpportunities -->
