<?xml version="1.0" encoding="UTF-8"?>
<!-- Generated by org.testng.reporters.JUnitReportReporter -->
<testsuite skipped="0" hostname="DESKTOP-MN3U1UN" name="com.vtiger.testscripts.SearchLeads" tests="1" failures="0" timestamp="26 Aug 2020 11:27:16 GMT" time="44.850" errors="0">
  <testcase name="testCreateLead" time="44.850" classname="com.vtiger.testscripts.SearchLeads"/>
</testsuite> <!-- com.vtiger.testscripts.SearchLeads -->
