<?xml version="1.0" encoding="UTF-8"?>
<!-- Generated by org.testng.reporters.JUnitReportReporter -->
<testsuite skipped="0" hostname="DESKTOP-MN3U1UN" name="com.vtiger.testscripts.AddEventContacts4" tests="1" failures="0" timestamp="31 Aug 2020 10:24:50 GMT" time="118.474" errors="0">
  <testcase name="testAddeventContact" time="118.474" classname="com.vtiger.testscripts.AddEventContacts4"/>
</testsuite> <!-- com.vtiger.testscripts.AddEventContacts4 -->
