<?xml version="1.0" encoding="UTF-8"?>
<!-- Generated by org.testng.reporters.JUnitReportReporter -->
<testsuite skipped="0" hostname="DESKTOP-MN3U1UN" name="com.vtiger.testscripts.CreateDuplicateLead" tests="1" failures="0" timestamp="26 Aug 2020 01:55:49 GMT" time="75.159" errors="0">
  <testcase name="testCreateduplicateLead" time="75.159" classname="com.vtiger.testscripts.CreateDuplicateLead"/>
</testsuite> <!-- com.vtiger.testscripts.CreateDuplicateLead -->
