<?xml version="1.0" encoding="UTF-8"?>
<!-- Generated by org.testng.reporters.JUnitReportReporter -->
<testsuite skipped="0" hostname="DESKTOP-MN3U1UN" name="com.vtiger.testscripts.DeleteOpportunities1" tests="1" failures="0" timestamp="26 Aug 2020 13:21:49 GMT" time="51.938" errors="0">
  <testcase name="testCreateOpportunities" time="51.938" classname="com.vtiger.testscripts.DeleteOpportunities1"/>
</testsuite> <!-- com.vtiger.testscripts.DeleteOpportunities1 -->
