<?xml version="1.0" encoding="UTF-8"?>
<!-- Generated by org.testng.reporters.JUnitReportReporter -->
<testsuite skipped="0" hostname="DESKTOP-MN3U1UN" name="com.vtiger.testscripts.CreateLeads" tests="1" failures="0" timestamp="25 Aug 2020 15:28:00 GMT" time="85.321" errors="0">
  <testcase name="testCreateLead" time="85.321" classname="com.vtiger.testscripts.CreateLeads"/>
</testsuite> <!-- com.vtiger.testscripts.CreateLeads -->
