<?xml version="1.0" encoding="UTF-8"?>
<!-- Generated by org.testng.reporters.JUnitReportReporter -->
<testsuite skipped="0" hostname="DESKTOP-MN3U1UN" name="com.vtiger.testscripts.CreateSalesOrder" tests="1" failures="0" timestamp="27 Aug 2020 03:38:47 GMT" time="84.769" errors="0">
  <testcase name="testCreateServices" time="84.769" classname="com.vtiger.testscripts.CreateSalesOrder"/>
</testsuite> <!-- com.vtiger.testscripts.CreateSalesOrder -->
