<?xml version="1.0" encoding="UTF-8"?>
<!-- Generated by org.testng.reporters.JUnitReportReporter -->
<testsuite skipped="0" hostname="DESKTOP-MN3U1UN" name="com.vtiger.testscripts.CreateServiceInvoice" tests="1" failures="0" timestamp="27 Aug 2020 03:28:16 GMT" time="79.541" errors="0">
  <testcase name="testCreateServices" time="79.541" classname="com.vtiger.testscripts.CreateServiceInvoice"/>
</testsuite> <!-- com.vtiger.testscripts.CreateServiceInvoice -->
