<?xml version="1.0" encoding="UTF-8"?>
<!-- Generated by org.testng.reporters.JUnitReportReporter -->
<testsuite skipped="0" hostname="DESKTOP-MN3U1UN" name="com.vtiger.testscripts.CreatePurchaseOrder" tests="1" failures="0" timestamp="27 Aug 2020 03:52:08 GMT" time="95.390" errors="0">
  <testcase name="testPurchaseOrder" time="95.390" classname="com.vtiger.testscripts.CreatePurchaseOrder"/>
</testsuite> <!-- com.vtiger.testscripts.CreatePurchaseOrder -->
