<?xml version="1.0" encoding="UTF-8"?>
<!-- Generated by org.testng.reporters.JUnitReportReporter -->
<testsuite skipped="0" hostname="DESKTOP-MN3U1UN" name="com.vtiger.testscripts.EditLeads" tests="1" failures="0" timestamp="25 Aug 2020 15:56:45 GMT" time="77.254" errors="0">
  <testcase name="testEditContact" time="77.254" classname="com.vtiger.testscripts.EditLeads"/>
</testsuite> <!-- com.vtiger.testscripts.EditLeads -->
