<?xml version="1.0" encoding="UTF-8"?>
<!-- Generated by org.testng.reporters.JUnitReportReporter -->
<testsuite skipped="0" hostname="DESKTOP-MN3U1UN" name="com.vtiger.testscripts.SearchContacts" tests="1" failures="0" timestamp="26 Aug 2020 11:20:17 GMT" time="55.783" errors="0">
  <testcase name="testCreateContact" time="55.783" classname="com.vtiger.testscripts.SearchContacts"/>
</testsuite> <!-- com.vtiger.testscripts.SearchContacts -->
