<?xml version="1.0" encoding="UTF-8"?>
<!-- Generated by org.testng.reporters.JUnitReportReporter -->
<testsuite skipped="0" hostname="DESKTOP-MN3U1UN" name="com.vtiger.testscripts.MassEditSeervices" tests="1" failures="0" timestamp="27 Aug 2020 02:08:56 GMT" time="45.469" errors="0">
  <testcase name="testCreateServices" time="45.469" classname="com.vtiger.testscripts.MassEditSeervices"/>
</testsuite> <!-- com.vtiger.testscripts.MassEditSeervices -->
