<?xml version="1.0" encoding="UTF-8"?>
<!-- Generated by org.testng.reporters.JUnitReportReporter -->
<testsuite skipped="0" hostname="DESKTOP-MN3U1UN" name="com.vtiger.testscripts.ExportOpportunities" tests="1" failures="0" timestamp="26 Aug 2020 13:52:43 GMT" time="44.886" errors="0">
  <testcase name="testCreateOpportunities" time="44.886" classname="com.vtiger.testscripts.ExportOpportunities"/>
</testsuite> <!-- com.vtiger.testscripts.ExportOpportunities -->
