<?xml version="1.0" encoding="UTF-8"?>
<!-- Generated by org.testng.reporters.JUnitReportReporter -->
<testsuite skipped="0" hostname="DESKTOP-4JTHCOI" name="com.vtiger.testscripts.CreateCustomer" tests="1" failures="0" timestamp="20 Aug 2020 07:53:15 GMT" time="15.154" errors="0">
  <testcase name="createcustomer" time="15.154" classname="com.vtiger.testscripts.CreateCustomer"/>
</testsuite> <!-- com.vtiger.testscripts.CreateCustomer -->
