<?xml version="1.0" encoding="UTF-8"?>
<!-- Generated by org.testng.reporters.JUnitReportReporter -->
<testsuite skipped="0" hostname="DESKTOP-MN3U1UN" name="com.vtiger.testscripts.AddEventLeads" tests="1" failures="0" timestamp="26 Aug 2020 10:48:07 GMT" time="84.376" errors="0">
  <testcase name="testCreateduplicateLead" time="84.376" classname="com.vtiger.testscripts.AddEventLeads"/>
</testsuite> <!-- com.vtiger.testscripts.AddEventLeads -->
