<?xml version="1.0" encoding="UTF-8"?>
<!-- Generated by org.testng.reporters.JUnitReportReporter -->
<testsuite skipped="0" hostname="DESKTOP-MN3U1UN" name="com.vtiger.testscripts.CreateCustomer" tests="1" failures="0" timestamp="24 Aug 2020 10:19:59 GMT" time="52.283" errors="0">
  <testcase name="createcustomer" time="52.283" classname="com.vtiger.testscripts.CreateCustomer"/>
</testsuite> <!-- com.vtiger.testscripts.CreateCustomer -->
