<?xml version="1.0" encoding="UTF-8"?>
<!-- Generated by org.testng.reporters.JUnitReportReporter -->
<testsuite skipped="0" hostname="DESKTOP-MN3U1UN" name="com.vtiger.testscripts.ImportServices" tests="1" failures="0" timestamp="27 Aug 2020 02:18:49 GMT" time="50.632" errors="0">
  <testcase name="testCreateServices" time="50.632" classname="com.vtiger.testscripts.ImportServices"/>
</testsuite> <!-- com.vtiger.testscripts.ImportServices -->
