<?xml version="1.0" encoding="UTF-8"?>
<!-- Generated by org.testng.reporters.JUnitReportReporter -->
<testsuite skipped="0" hostname="DESKTOP-MN3U1UN" name="com.vtiger.testscripts.EditContact" tests="1" failures="0" timestamp="24 Aug 2020 14:19:43 GMT" time="61.373" errors="0">
  <testcase name="testEditContact" time="61.373" classname="com.vtiger.testscripts.EditContact"/>
</testsuite> <!-- com.vtiger.testscripts.EditContact -->
