<?xml version="1.0" encoding="UTF-8"?>
<!-- Generated by org.testng.reporters.JUnitReportReporter -->
<testsuite skipped="0" hostname="DESKTOP-MN3U1UN" name="com.vtiger.testscripts.CreateOpportunities" tests="1" failures="0" timestamp="26 Aug 2020 13:23:06 GMT" time="50.928" errors="0">
  <testcase name="testCreateOpportunities" time="50.928" classname="com.vtiger.testscripts.CreateOpportunities"/>
</testsuite> <!-- com.vtiger.testscripts.CreateOpportunities -->
