<?xml version="1.0" encoding="UTF-8"?>
<!-- Generated by org.testng.reporters.JUnitReportReporter -->
<testsuite skipped="0" hostname="DESKTOP-MN3U1UN" name="com.vtiger.testscripts.EditServices" tests="1" failures="0" timestamp="27 Aug 2020 01:57:41 GMT" time="50.056" errors="0">
  <testcase name="testCreateServices" time="50.056" classname="com.vtiger.testscripts.EditServices"/>
</testsuite> <!-- com.vtiger.testscripts.EditServices -->
