<?xml version="1.0" encoding="UTF-8"?>
<!-- Generated by org.testng.reporters.JUnitReportReporter -->
<testsuite skipped="0" hostname="DESKTOP-MN3U1UN" name="com.vtiger.testscripts.MassEdit" tests="1" failures="0" timestamp="26 Aug 2020 02:21:16 GMT" time="58.523" errors="0">
  <testcase name="testMassedit" time="58.523" classname="com.vtiger.testscripts.MassEdit"/>
</testsuite> <!-- com.vtiger.testscripts.MassEdit -->
