<?xml version="1.0" encoding="UTF-8"?>
<!-- Generated by org.testng.reporters.JUnitReportReporter -->
<testsuite skipped="0" hostname="DESKTOP-MN3U1UN" name="com.vtiger.testscripts.CreateDuplicateService" tests="1" failures="0" timestamp="27 Aug 2020 03:09:25 GMT" time="63.881" errors="0">
  <testcase name="testCreateServices" time="63.881" classname="com.vtiger.testscripts.CreateDuplicateService"/>
</testsuite> <!-- com.vtiger.testscripts.CreateDuplicateService -->
