<?xml version="1.0" encoding="UTF-8"?>
<!-- Generated by org.testng.reporters.JUnitReportReporter -->
<testsuite skipped="0" hostname="DESKTOP-MN3U1UN" name="com.vtiger.testscripts.AddEventContacts" tests="1" failures="0" timestamp="26 Aug 2020 08:31:03 GMT" time="133.077" errors="0">
  <testcase name="testAddeventContact" time="133.077" classname="com.vtiger.testscripts.AddEventContacts"/>
</testsuite> <!-- com.vtiger.testscripts.AddEventContacts -->
