<?xml version="1.0" encoding="UTF-8"?>
<!-- Generated by org.testng.reporters.JUnitReportReporter -->
<testsuite skipped="0" hostname="DESKTOP-MN3U1UN" name="com.vtiger.testscripts.DeleteServices" tests="1" failures="0" timestamp="28 Aug 2020 09:50:43 GMT" time="70.051" errors="0">
  <testcase name="testCreateServices" time="70.051" classname="com.vtiger.testscripts.DeleteServices"/>
</testsuite> <!-- com.vtiger.testscripts.DeleteServices -->
