<?xml version="1.0" encoding="UTF-8"?>
<!-- Generated by org.testng.reporters.JUnitReportReporter -->
<testsuite skipped="0" hostname="DESKTOP-MN3U1UN" name="com.vtiger.testscripts.MassEditOpportunities" tests="1" failures="0" timestamp="26 Aug 2020 14:05:29 GMT" time="70.085" errors="0">
  <testcase name="testMassEditOpportunities" time="70.085" classname="com.vtiger.testscripts.MassEditOpportunities"/>
</testsuite> <!-- com.vtiger.testscripts.MassEditOpportunities -->
