<?xml version="1.0" encoding="UTF-8"?>
<!-- Generated by org.testng.reporters.JUnitReportReporter -->
<testsuite skipped="0" hostname="DESKTOP-MN3U1UN" name="com.vtiger.testscripts.CreateDuplicateContact" tests="1" failures="0" timestamp="26 Aug 2020 01:49:41 GMT" time="78.310" errors="0">
  <testcase name="testCreateDuplicateContact" time="78.310" classname="com.vtiger.testscripts.CreateDuplicateContact"/>
</testsuite> <!-- com.vtiger.testscripts.CreateDuplicateContact -->
