<?xml version="1.0" encoding="UTF-8"?>
<!-- Generated by org.testng.reporters.JUnitReportReporter -->
<testsuite skipped="0" hostname="DESKTOP-MN3U1UN" name="com.vtiger.testscripts.ExportContacts" tests="1" failures="0" timestamp="25 Aug 2020 10:06:42 GMT" time="51.562" errors="0">
  <testcase name="testExportContact" time="51.562" classname="com.vtiger.testscripts.ExportContacts"/>
</testsuite> <!-- com.vtiger.testscripts.ExportContacts -->
