<?xml version="1.0" encoding="UTF-8"?>
<!-- Generated by org.testng.reporters.JUnitReportReporter -->
<testsuite skipped="0" hostname="DESKTOP-MN3U1UN" name="com.vtiger.testscripts.MassEditLeads" tests="1" failures="0" timestamp="26 Aug 2020 02:25:00 GMT" time="51.417" errors="0">
  <testcase name="testMassEditContact" time="51.417" classname="com.vtiger.testscripts.MassEditLeads"/>
</testsuite> <!-- com.vtiger.testscripts.MassEditLeads -->
